# JRE version: Java(TM) SE Runtime Environment 18.9 (11.0.16.1+1) (build 11.0.16.1+1-LTS-1)
# Java VM: Java HotSpot(TM) 64-Bit Server VM 18.9 (11.0.16.1+1-LTS-1, mixed mode, tiered, compressed oops, g1 gc, windows-amd64)
Heap:
 garbage-first heap   total 98304K, used 18192K [0x00000000a0c00000, 0x0000000100000000)
  region size 1024K, 9 young (9216K), 4 survivors (4096K)
 Metaspace       used 27026K, capacity 27898K, committed 28156K, reserved 1073152K
  class space    used 3157K, capacity 3536K, committed 3584K, reserved 1048576K
GC Heap History (6 events):
Event: 1.379 GC heap before
{Heap before GC invocations=0 (full 0):
 garbage-first heap   total 98304K, used 23552K [0x00000000a0c00000, 0x0000000100000000)
  region size 1024K, 24 young (24576K), 0 survivors (0K)
 Metaspace       used 14782K, capacity 15404K, committed 15744K, reserved 1062912K
  class space    used 1568K, capacity 1823K, committed 1920K, reserved 1048576K
}
Event: 1.393 GC heap after
{Heap after GC invocations=1 (full 0):
 garbage-first heap   total 98304K, used 5231K [0x00000000a0c00000, 0x0000000100000000)
  region size 1024K, 3 young (3072K), 3 survivors (3072K)
 Metaspace       used 14782K, capacity 15404K, committed 15744K, reserved 1062912K
  class space    used 1568K, capacity 1823K, committed 1920K, reserved 1048576K
}
Event: 1.939 GC heap before
{Heap before GC invocations=1 (full 0):
 garbage-first heap   total 98304K, used 27759K [0x00000000a0c00000, 0x0000000100000000)
  region size 1024K, 26 young (26624K), 3 survivors (3072K)
 Metaspace       used 20429K, capacity 21118K, committed 21248K, reserved 1069056K
  class space    used 2251K, capacity 2539K, committed 2560K, reserved 1048576K
}
Event: 1.948 GC heap after
{Heap after GC invocations=2 (full 0):
 garbage-first heap   total 98304K, used 7259K [0x00000000a0c00000, 0x0000000100000000)
  region size 1024K, 5 young (5120K), 5 survivors (5120K)
 Metaspace       used 20429K, capacity 21118K, committed 21248K, reserved 1069056K
  class space    used 2251K, capacity 2539K, committed 2560K, reserved 1048576K
}
Event: 2.790 GC heap before
{Heap before GC invocations=3 (full 0):
 garbage-first heap   total 98304K, used 36955K [0x00000000a0c00000, 0x0000000100000000)
  region size 1024K, 34 young (34816K), 5 survivors (5120K)
 Metaspace       used 26272K, capacity 27223K, committed 27260K, reserved 1073152K
  class space    used 3042K, capacity 3439K, committed 3456K, reserved 1048576K
}
Event: 2.801 GC heap after
{Heap after GC invocations=4 (full 0):
 garbage-first heap   total 98304K, used 8976K [0x00000000a0c00000, 0x0000000100000000)
  region size 1024K, 4 young (4096K), 4 survivors (4096K)
 Metaspace       used 26272K, capacity 27223K, committed 27260K, reserved 1073152K
  class space    used 3042K, capacity 3439K, committed 3456K, reserved 1048576K
}

